{"/home/aman/Desktop/sc/sc-service/specs/test.js":{"path":"/home/aman/Desktop/sc/sc-service/specs/test.js","s":{"1":1,"2":1,"3":1,"4":1,"5":1,"6":1,"7":1,"8":1,"9":1,"10":1,"11":1,"12":1,"13":1,"14":1,"15":1,"16":1,"17":1,"18":1,"19":1,"20":1,"21":1,"22":1,"23":1,"24":1,"25":1,"26":1,"27":1,"28":1,"29":1,"30":1,"31":1,"32":1,"33":1},"b":{},"f":{"1":1,"2":1,"3":1,"4":1,"5":1,"6":1,"7":1,"8":1,"9":1,"10":1,"11":1,"12":1,"13":1,"14":1,"15":1},"fnMap":{"1":{"name":"(anonymous_1)","line":18,"loc":{"start":{"line":18,"column":23},"end":{"line":18,"column":33}}},"2":{"name":"(anonymous_2)","line":19,"loc":{"start":{"line":19,"column":27},"end":{"line":19,"column":41}}},"3":{"name":"(anonymous_3)","line":20,"loc":{"start":{"line":20,"column":32},"end":{"line":20,"column":63}}},"4":{"name":"(anonymous_4)","line":27,"loc":{"start":{"line":27,"column":38},"end":{"line":27,"column":48}}},"5":{"name":"(anonymous_5)","line":28,"loc":{"start":{"line":28,"column":27},"end":{"line":28,"column":41}}},"6":{"name":"getURL","line":29,"loc":{"start":{"line":29,"column":4},"end":{"line":29,"column":21}}},"7":{"name":"(anonymous_7)","line":32,"loc":{"start":{"line":32,"column":32},"end":{"line":32,"column":63}}},"8":{"name":"(anonymous_8)","line":39,"loc":{"start":{"line":39,"column":40},"end":{"line":39,"column":50}}},"9":{"name":"(anonymous_9)","line":40,"loc":{"start":{"line":40,"column":27},"end":{"line":40,"column":41}}},"10":{"name":"getURL","line":41,"loc":{"start":{"line":41,"column":4},"end":{"line":41,"column":21}}},"11":{"name":"(anonymous_11)","line":44,"loc":{"start":{"line":44,"column":32},"end":{"line":44,"column":63}}},"12":{"name":"(anonymous_12)","line":51,"loc":{"start":{"line":51,"column":38},"end":{"line":51,"column":48}}},"13":{"name":"(anonymous_13)","line":52,"loc":{"start":{"line":52,"column":27},"end":{"line":52,"column":41}}},"14":{"name":"getURL","line":53,"loc":{"start":{"line":53,"column":4},"end":{"line":53,"column":21}}},"15":{"name":"(anonymous_15)","line":56,"loc":{"start":{"line":56,"column":32},"end":{"line":56,"column":63}}}},"statementMap":{"1":{"start":{"line":6,"column":0},"end":{"line":6,"column":25}},"2":{"start":{"line":8,"column":0},"end":{"line":8,"column":29}},"3":{"start":{"line":10,"column":0},"end":{"line":10,"column":33}},"4":{"start":{"line":11,"column":0},"end":{"line":11,"column":31}},"5":{"start":{"line":12,"column":0},"end":{"line":12,"column":36}},"6":{"start":{"line":13,"column":0},"end":{"line":13,"column":38}},"7":{"start":{"line":14,"column":0},"end":{"line":14,"column":27}},"8":{"start":{"line":18,"column":0},"end":{"line":25,"column":3}},"9":{"start":{"line":19,"column":2},"end":{"line":24,"column":5}},"10":{"start":{"line":20,"column":4},"end":{"line":23,"column":7}},"11":{"start":{"line":21,"column":6},"end":{"line":21,"column":48}},"12":{"start":{"line":22,"column":6},"end":{"line":22,"column":13}},"13":{"start":{"line":27,"column":0},"end":{"line":37,"column":3}},"14":{"start":{"line":28,"column":2},"end":{"line":36,"column":5}},"15":{"start":{"line":29,"column":4},"end":{"line":31,"column":5}},"16":{"start":{"line":30,"column":6},"end":{"line":30,"column":42}},"17":{"start":{"line":32,"column":4},"end":{"line":35,"column":7}},"18":{"start":{"line":33,"column":8},"end":{"line":33,"column":50}},"19":{"start":{"line":34,"column":8},"end":{"line":34,"column":15}},"20":{"start":{"line":39,"column":0},"end":{"line":49,"column":3}},"21":{"start":{"line":40,"column":2},"end":{"line":48,"column":5}},"22":{"start":{"line":41,"column":4},"end":{"line":43,"column":5}},"23":{"start":{"line":42,"column":6},"end":{"line":42,"column":44}},"24":{"start":{"line":44,"column":4},"end":{"line":47,"column":7}},"25":{"start":{"line":45,"column":8},"end":{"line":45,"column":50}},"26":{"start":{"line":46,"column":8},"end":{"line":46,"column":15}},"27":{"start":{"line":51,"column":0},"end":{"line":61,"column":3}},"28":{"start":{"line":52,"column":2},"end":{"line":60,"column":5}},"29":{"start":{"line":53,"column":4},"end":{"line":55,"column":5}},"30":{"start":{"line":54,"column":6},"end":{"line":54,"column":42}},"31":{"start":{"line":56,"column":4},"end":{"line":59,"column":7}},"32":{"start":{"line":57,"column":8},"end":{"line":57,"column":50}},"33":{"start":{"line":58,"column":8},"end":{"line":58,"column":15}}},"branchMap":{}},"/home/aman/Desktop/sc/sc-service/specs/helpers/chai.js":{"path":"/home/aman/Desktop/sc/sc-service/specs/helpers/chai.js","s":{"1":1,"2":1,"3":1,"4":1,"5":1,"6":1},"b":{},"f":{},"fnMap":{},"statementMap":{"1":{"start":{"line":3,"column":0},"end":{"line":3,"column":27}},"2":{"start":{"line":5,"column":0},"end":{"line":5,"column":32}},"3":{"start":{"line":7,"column":0},"end":{"line":7,"column":28}},"4":{"start":{"line":8,"column":0},"end":{"line":8,"column":44}},"5":{"start":{"line":9,"column":0},"end":{"line":9,"column":34}},"6":{"start":{"line":10,"column":0},"end":{"line":10,"column":28}}},"branchMap":{}}}