TN:
SF:/home/aman/Desktop/sc/sc-service/specs/test.js
FN:18,(anonymous_1)
FN:19,(anonymous_2)
FN:20,(anonymous_3)
FN:27,(anonymous_4)
FN:28,(anonymous_5)
FN:29,getURL
FN:32,(anonymous_7)
FN:39,(anonymous_8)
FN:40,(anonymous_9)
FN:41,getURL
FN:44,(anonymous_11)
FN:51,(anonymous_12)
FN:52,(anonymous_13)
FN:53,getURL
FN:56,(anonymous_15)
FNF:15
FNH:15
FNDA:1,(anonymous_1)
FNDA:1,(anonymous_2)
FNDA:1,(anonymous_3)
FNDA:1,(anonymous_4)
FNDA:1,(anonymous_5)
FNDA:1,getURL
FNDA:1,(anonymous_7)
FNDA:1,(anonymous_8)
FNDA:1,(anonymous_9)
FNDA:1,getURL
FNDA:1,(anonymous_11)
FNDA:1,(anonymous_12)
FNDA:1,(anonymous_13)
FNDA:1,getURL
FNDA:1,(anonymous_15)
DA:6,1
DA:8,1
DA:10,1
DA:11,1
DA:12,1
DA:13,1
DA:14,1
DA:18,1
DA:19,1
DA:20,1
DA:21,1
DA:22,1
DA:27,1
DA:28,1
DA:29,1
DA:30,1
DA:32,1
DA:33,1
DA:34,1
DA:39,1
DA:40,1
DA:41,1
DA:42,1
DA:44,1
DA:45,1
DA:46,1
DA:51,1
DA:52,1
DA:53,1
DA:54,1
DA:56,1
DA:57,1
DA:58,1
LF:33
LH:33
BRF:0
BRH:0
end_of_record
TN:
SF:/home/aman/Desktop/sc/sc-service/specs/helpers/chai.js
FNF:0
FNH:0
DA:3,1
DA:5,1
DA:7,1
DA:8,1
DA:9,1
DA:10,1
LF:6
LH:6
BRF:0
BRH:0
end_of_record
